<?xml version="1.0" encoding="UTF-8"?>
<!-- Generated by org.testng.reporters.JUnitReportReporter -->
<testsuite hostname="LAPTOP-69CS28LU" failures="0" tests="1" name="SeleniumTEST.HandleIframes" time="7.346" errors="0" timestamp="2022-07-11T10:13:29 IST" skipped="0">
  <testcase classname="SeleniumTEST.HandleIframes" name="getIFrame" time="7.346"/>
  <system-out/>
</testsuite> <!-- SeleniumTEST.HandleIframes -->
