<?xml version="1.0" encoding="UTF-8"?>
<!-- Generated by org.testng.reporters.JUnitReportReporter -->
<testsuite hostname="LAPTOP-69CS28LU" failures="0" tests="1" name="seleniumfunction.HandleWebTable" time="13.193" errors="0" timestamp="2022-05-30T16:22:52 IST" skipped="0">
  <testcase classname="seleniumfunction.HandleWebTable" name="manageWebTable" time="13.193"/>
  <system-out/>
</testsuite> <!-- seleniumfunction.HandleWebTable -->
