<?xml version="1.0" encoding="UTF-8"?>
<!-- Generated by org.testng.reporters.JUnitReportReporter -->
<testsuite hostname="LAPTOP-69CS28LU" failures="0" tests="1" name="seleniumfunction.HandleAlerts" time="10.982" errors="0" timestamp="2022-05-30T15:31:39 IST" skipped="0">
  <testcase classname="seleniumfunction.HandleAlerts" name="handleJavaScriptAlerts" time="10.982"/>
  <system-out/>
</testsuite> <!-- seleniumfunction.HandleAlerts -->
