<?xml version="1.0" encoding="UTF-8"?>
<!-- Generated by org.testng.reporters.JUnitReportReporter -->
<testsuite hostname="LAPTOP-69CS28LU" failures="0" tests="1" name="seleniumfunction.HandleDragAndDrop" time="13.062" errors="0" timestamp="2022-07-10T11:52:28 IST" skipped="0">
  <testcase classname="seleniumfunction.HandleDragAndDrop" name="customDragDrop" time="13.062"/>
  <system-out/>
</testsuite> <!-- seleniumfunction.HandleDragAndDrop -->
