<?xml version="1.0" encoding="UTF-8"?>
<!-- Generated by org.testng.reporters.JUnitReportReporter -->
<testsuite hostname="LAPTOP-69CS28LU" failures="0" tests="5" name="selenium.ExplicitWaitClass" time="62.103" errors="0" timestamp="2022-08-03T12:20:22 IST" skipped="0">
  <testcase classname="selenium.ExplicitWaitClass" name="verifyElementClickable" time="12.340"/>
  <system-out/>
  <testcase classname="selenium.ExplicitWaitClass" name="verifyElementVisibility" time="13.149"/>
  <system-out/>
  <testcase classname="selenium.ExplicitWaitClass" name="veriyPresentText" time="13.987"/>
  <system-out/>
  <testcase classname="selenium.ExplicitWaitClass" name="verifyElementSelected" time="12.450"/>
  <system-out/>
  <testcase classname="selenium.ExplicitWaitClass" name="verifyAlert" time="10.177"/>
  <system-out/>
</testsuite> <!-- selenium.ExplicitWaitClass -->
