<?xml version="1.0" encoding="UTF-8"?>
<!-- Generated by org.testng.reporters.JUnitReportReporter -->
<testsuite hostname="LAPTOP-69CS28LU" failures="0" tests="1" name="seleniumfunction.HandleAutoSuggest" time="10.777" errors="0" timestamp="2022-07-10T11:50:46 IST" skipped="0">
  <testcase classname="seleniumfunction.HandleAutoSuggest" name="testAutoSuggest" time="10.777"/>
  <system-out/>
</testsuite> <!-- seleniumfunction.HandleAutoSuggest -->
